<?xml version="1.0" encoding="UTF-8"?>
<!-- Generated by org.testng.reporters.JUnitReportReporter -->
<testsuite hostname="Mr-Dell" failures="0" tests="1" name="com_TN_Frameeworkdesign.RegisterTest" time="8.703" errors="0" timestamp="2023-04-26T21:25:37 EDT" skipped="0">
  <testcase classname="com_TN_Frameeworkdesign.RegisterTest" name="verifyRegisterAccountWithExistingUserInfo" time="8.703"/>
  <system-out/>
</testsuite> <!-- com_TN_Frameeworkdesign.RegisterTest -->
