<?xml version="1.0" encoding="UTF-8"?>
<!-- Generated by org.testng.reporters.JUnitReportReporter -->
<testsuite hostname="Mr-Dell" failures="0" tests="6" name="com_TN_Frameeworkdesign.LoginTest" time="40.862" errors="0" timestamp="2023-04-26T21:55:12 EDT" skipped="0">
  <testcase classname="com_TN_Frameeworkdesign.LoginTest" name="verifyLoginTutorialninjaWithValidUserNameAndValidPassword" time="6.965"/>
  <system-out/>
  <testcase classname="com_TN_Frameeworkdesign.LoginTest" name="verifyLoginTutorialninjaWithInvalidUserNameAndInvalidPassword" time="6.741"/>
  <system-out/>
  <testcase classname="com_TN_Frameeworkdesign.LoginTest" name="verifyLoginTutorialninjaWithvalidUserNameAndInvalidPassword" time="7.631"/>
  <system-out/>
  <testcase classname="com_TN_Frameeworkdesign.LoginTest" name="verifyLoginTutorialninjaWithInvalidUserNameAndvalidPassword" time="6.878"/>
  <system-out/>
  <testcase classname="com_TN_Frameeworkdesign.LoginTest" name="verifyLoginTutorialninjaWithEmptyUserNameAndvalidPassword" time="6.515"/>
  <system-out/>
  <testcase classname="com_TN_Frameeworkdesign.LoginTest" name="verifyLoginTutorialninjaWithValidUserNameAndEmptyPassword" time="6.132"/>
  <system-out/>
</testsuite> <!-- com_TN_Frameeworkdesign.LoginTest -->
