<?xml version="1.0" encoding="UTF-8"?>
<!-- Generated by org.testng.reporters.JUnitReportReporter -->
<testsuite hostname="Mr-Dell" failures="0" tests="4" name="com_TN_Frameeworkdesign.SearchProductTest" time="28.055" errors="0" timestamp="2023-04-26T20:49:21 EDT" skipped="0">
  <testcase classname="com_TN_Frameeworkdesign.SearchProductTest" name="VerifySearchingMacBookLaptop" time="6.572"/>
  <system-out/>
  <testcase classname="com_TN_Frameeworkdesign.SearchProductTest" name="verifySearchingDellLaptop" time="6.520"/>
  <system-out/>
  <testcase classname="com_TN_Frameeworkdesign.SearchProductTest" name="verifySearchingWithEmptyTextbox" time="6.943"/>
  <system-out/>
  <testcase classname="com_TN_Frameeworkdesign.SearchProductTest" name="verifySearchingExistingProductAfterUserLogin" time="8.020"/>
  <system-out/>
</testsuite> <!-- com_TN_Frameeworkdesign.SearchProductTest -->
