<?xml version="1.0" encoding="UTF-8"?>
<!-- Generated by org.testng.reporters.JUnitReportReporter -->
<testsuite skipped="0" hostname="Mr-Dell" name="com_TN_Frameeworkdesign.SearchProductTest" tests="4" failures="0" timestamp="2023-04-26T22:01:06 EDT" time="27.401" errors="0">
  <testcase name="VerifySearchingMacBookLaptop" time="6.303" classname="com_TN_Frameeworkdesign.SearchProductTest"/>
  <system-out/>
  <testcase name="verifySearchingDellLaptop" time="6.395" classname="com_TN_Frameeworkdesign.SearchProductTest"/>
  <system-out/>
  <testcase name="verifySearchingWithEmptyTextbox" time="6.599" classname="com_TN_Frameeworkdesign.SearchProductTest"/>
  <system-out/>
  <testcase name="verifySearchingExistingProductAfterUserLogin" time="8.104" classname="com_TN_Frameeworkdesign.SearchProductTest"/>
  <system-out/>
</testsuite> <!-- com_TN_Frameeworkdesign.SearchProductTest -->
