<?xml version="1.0" encoding="UTF-8"?>
<!-- Generated by org.testng.reporters.JUnitReportReporter -->
<testsuite skipped="0" hostname="Mr-Dell" name="com_TN_Frameeworkdesign.RegisterTest" tests="6" failures="0" timestamp="2023-04-26T22:01:06 EDT" time="53.391" errors="0">
  <testcase name="verifyRegisterAnAccountWithNewUserInfo" time="9.655" classname="com_TN_Frameeworkdesign.RegisterTest"/>
  <system-out/>
  <testcase name="verifyRegisterAccountWithExistingUserInfo" time="8.819" classname="com_TN_Frameeworkdesign.RegisterTest"/>
  <system-out/>
  <testcase name="verifyRegisterAccountUsingOnlyNumbersAsPassword" time="10.529" classname="com_TN_Frameeworkdesign.RegisterTest"/>
  <system-out/>
  <testcase name="verifyRegisterAccountWithForeignPhoneNumber" time="9.042" classname="com_TN_Frameeworkdesign.RegisterTest"/>
  <system-out/>
  <testcase name="verifyRegisterAccountWithEmptyEmailTextbox" time="7.812" classname="com_TN_Frameeworkdesign.RegisterTest"/>
  <system-out/>
  <testcase name="verifyRegisterAccountWithEmptyPasswordTextbox" time="7.534" classname="com_TN_Frameeworkdesign.RegisterTest"/>
  <system-out/>
</testsuite> <!-- com_TN_Frameeworkdesign.RegisterTest -->
