<?xml version="1.0" encoding="UTF-8"?>
<!-- Generated by org.testng.reporters.JUnitReportReporter -->
<testsuite skipped="0" hostname="Mr-Dell" name="com_TN_Frameeworkdesign.LoginTest" tests="6" failures="0" timestamp="2023-04-26T22:01:06 EDT" time="44.376" errors="0">
  <testcase name="verifyLoginTutorialninjaWithValidUserNameAndValidPassword" time="7.961" classname="com_TN_Frameeworkdesign.LoginTest"/>
  <system-out/>
  <testcase name="verifyLoginTutorialninjaWithInvalidUserNameAndInvalidPassword" time="6.591" classname="com_TN_Frameeworkdesign.LoginTest"/>
  <system-out/>
  <testcase name="verifyLoginTutorialninjaWithvalidUserNameAndInvalidPassword" time="7.860" classname="com_TN_Frameeworkdesign.LoginTest"/>
  <system-out/>
  <testcase name="verifyLoginTutorialninjaWithInvalidUserNameAndvalidPassword" time="7.644" classname="com_TN_Frameeworkdesign.LoginTest"/>
  <system-out/>
  <testcase name="verifyLoginTutorialninjaWithEmptyUserNameAndvalidPassword" time="7.138" classname="com_TN_Frameeworkdesign.LoginTest"/>
  <system-out/>
  <testcase name="verifyLoginTutorialninjaWithValidUserNameAndEmptyPassword" time="7.182" classname="com_TN_Frameeworkdesign.LoginTest"/>
  <system-out/>
</testsuite> <!-- com_TN_Frameeworkdesign.LoginTest -->
